Release 8.1i - xst I.24
Copyright (c) 1995-2005 Xilinx, Inc.  All rights reserved.
--> Parameter TMPDIR set to ./xst/projnav.tmp
CPU : 0.00 / 0.15 s | Elapsed : 0.00 / 0.00 s
 
--> Parameter xsthdpdir set to ./xst
CPU : 0.00 / 0.15 s | Elapsed : 0.00 / 0.00 s
 
--> Reading design: PENC.prj

TABLE OF CONTENTS
  1) Synthesis Options Summary
  2) HDL Compilation
  3) HDL Analysis
  4) HDL Synthesis
     4.1) HDL Synthesis Report
  5) Advanced HDL Synthesis
     5.1) Advanced HDL Synthesis Report
  6) Low Level Synthesis
  7) Final Report

=========================================================================
*                      Synthesis Options Summary                        *
=========================================================================
---- Source Parameters
Input File Name                    : "PENC.prj"
Input Format                       : mixed
Ignore Synthesis Constraint File   : NO

---- Target Parameters
Output File Name                   : "PENC"
Output Format                      : NGC
Target Device                      : Automotive CoolRunner2

---- Source Options
Top Module Name                    : PENC
Automatic FSM Extraction           : YES
FSM Encoding Algorithm             : Auto
Mux Extraction                     : YES
Resource Sharing                   : YES

---- Target Options
Add IO Buffers                     : YES
MACRO Preserve                     : YES
XOR Preserve                       : YES
Equivalent register Removal        : YES

---- General Options
Optimization Goal                  : Speed
Optimization Effort                : 1
Keep Hierarchy                     : YES
RTL Output                         : Yes
Hierarchy Separator                : /
Bus Delimiter                      : <>
Case Specifier                     : maintain

---- Other Options
lso                                : PENC.lso
verilog2001                        : YES
safe_implementation                : No
wysiwyg                            : NO

=========================================================================


=========================================================================
*                          HDL Compilation                              *
=========================================================================
Compiling vhdl file "C:/Xilinx/.MyProjects/P_ENC/PENC.vhd" in Library work.
Architecture behavioral of Entity penc is up to date.

=========================================================================
*                            HDL Analysis                               *
=========================================================================
Analyzing Entity <PENC> (Architecture <behavioral>).
Entity <PENC> analyzed. Unit <PENC> generated.


=========================================================================
*                           HDL Synthesis                               *
=========================================================================

Synthesizing Unit <PENC>.
    Related source file is "C:/Xilinx/.MyProjects/P_ENC/PENC.vhd".
INFO:Xst:1608 - Relative priorities of control signals on register <Q> differ from those commonly found in the selected device family. This will result in additional logic around the register.
WARNING:Xst:736 - Found 3-bit latch for signal <Mtridata_Y> created at line 21.
WARNING:Xst:736 - Found 1-bit latch for signal <Mtrien_Y> created at line 21.
INFO:Xst:2371 - HDL ADVISOR - Logic functions respectively driving the data and gate enable inputs of this latch share common terms. This situation will potentially lead to setup/hold violations and, as a result, to simulation problems. This situation may come from an incomplete case statement (all selector values are not covered). You should carefuly review if it was in your intentions to describe such a latch.
    Found 3-bit tristate buffer for signal <Y>.
    Summary:
	inferred   3 Tristate(s).
Unit <PENC> synthesized.


=========================================================================
HDL Synthesis Report

Macro Statistics
# Latches                                              : 2
 1-bit latch                                           : 1
 3-bit latch                                           : 1
# Tristates                                            : 1
 3-bit tristate buffer                                 : 1

=========================================================================

=========================================================================
*                       Advanced HDL Synthesis                          *
=========================================================================


=========================================================================
Advanced HDL Synthesis Report

Macro Statistics
# Latches                                              : 2
 1-bit latch                                           : 1
 3-bit latch                                           : 1

=========================================================================

=========================================================================
*                         Low Level Synthesis                           *
=========================================================================

Optimizing unit <PENC> ...
  implementation constraint: IOB=auto	 : Mtridata_Y<2>
  implementation constraint: IOB=auto	 : Mtridata_Y<1>
  implementation constraint: IOB=auto	 : Mtridata_Y<0>

=========================================================================
*                            Final Report                               *
=========================================================================
Final Results
RTL Top Level Output File Name     : PENC.ngr
Top Level Output File Name         : PENC
Output Format                      : NGC
Optimization Goal                  : Speed
Keep Hierarchy                     : YES
Target Technology                  : Automotive CoolRunner2
Macro Preserve                     : YES
XOR Preserve                       : YES
wysiwyg                            : NO

Design Statistics
# IOs                              : 12

Cell Usage :
# BELS                             : 57
#      AND2                        : 8
#      AND3                        : 4
#      AND5                        : 1
#      AND8                        : 1
#      INV                         : 35
#      OR2                         : 8
# FlipFlops/Latches                : 4
#      LD                          : 1
#      LDCP                        : 3
# IO Buffers                       : 12
#      IBUF                        : 9
#      OBUFE                       : 3
=========================================================================
CPU : 2.31 / 2.48 s | Elapsed : 2.00 / 2.00 s
 
--> 

Total memory usage is 139776 kilobytes

Number of errors   :    0 (   0 filtered)
Number of warnings :    2 (   0 filtered)
Number of infos    :    2 (   0 filtered)

