Release 8.1i - xst I.24
Copyright (c) 1995-2005 Xilinx, Inc.  All rights reserved.
--> Parameter TMPDIR set to ./xst/projnav.tmp
CPU : 0.00 / 0.10 s | Elapsed : 0.00 / 0.00 s
 
--> Parameter xsthdpdir set to ./xst
CPU : 0.00 / 0.10 s | Elapsed : 0.00 / 0.00 s
 
--> Reading design: LED_BLINK.prj

TABLE OF CONTENTS
  1) Synthesis Options Summary
  2) HDL Compilation
  3) HDL Analysis
  4) HDL Synthesis
     4.1) HDL Synthesis Report
  5) Advanced HDL Synthesis
     5.1) Advanced HDL Synthesis Report
  6) Low Level Synthesis
  7) Final Report

=========================================================================
*                      Synthesis Options Summary                        *
=========================================================================
---- Source Parameters
Input File Name                    : "LED_BLINK.prj"
Input Format                       : mixed
Ignore Synthesis Constraint File   : NO

---- Target Parameters
Output File Name                   : "LED_BLINK"
Output Format                      : NGC
Target Device                      : Automotive CoolRunner2

---- Source Options
Top Module Name                    : LED_BLINK
Automatic FSM Extraction           : YES
FSM Encoding Algorithm             : Auto
Mux Extraction                     : YES
Resource Sharing                   : YES

---- Target Options
Add IO Buffers                     : YES
MACRO Preserve                     : YES
XOR Preserve                       : YES
Equivalent register Removal        : YES

---- General Options
Optimization Goal                  : Speed
Optimization Effort                : 1
Keep Hierarchy                     : YES
RTL Output                         : Yes
Hierarchy Separator                : /
Bus Delimiter                      : <>
Case Specifier                     : maintain

---- Other Options
lso                                : LED_BLINK.lso
verilog2001                        : YES
safe_implementation                : No
wysiwyg                            : NO

=========================================================================


=========================================================================
*                          HDL Compilation                              *
=========================================================================
Compiling vhdl file "C:/Xilinx/.MyProjects/LED/LED_BLINK.vhd" in Library work.
Architecture behavioral of Entity led_blink is up to date.

=========================================================================
*                            HDL Analysis                               *
=========================================================================
Analyzing Entity <LED_BLINK> (Architecture <behavioral>).
Entity <LED_BLINK> analyzed. Unit <LED_BLINK> generated.


=========================================================================
*                           HDL Synthesis                               *
=========================================================================

Synthesizing Unit <LED_BLINK>.
    Related source file is "C:/Xilinx/.MyProjects/LED/LED_BLINK.vhd".
WARNING:Xst:653 - Signal <rst> is used but never assigned. Tied to value 0.
    Found 4x1-bit ROM for signal <$n0005>.
    Found 1-bit register for signal <led>.
    Found 5-bit comparator less for signal <$n0006> created at line 23.
    Found 5-bit comparator less for signal <$n0007> created at line 25.
    Found 5-bit up counter for signal <count>.
    Summary:
	inferred   1 ROM(s).
	inferred   1 Counter(s).
	inferred   1 D-type flip-flop(s).
	inferred   2 Comparator(s).
Unit <LED_BLINK> synthesized.


=========================================================================
HDL Synthesis Report

Macro Statistics
# ROMs                                                 : 1
 4x1-bit ROM                                           : 1
# Counters                                             : 1
 5-bit up counter                                      : 1
# Registers                                            : 1
 1-bit register                                        : 1
# Comparators                                          : 2
 5-bit comparator less                                 : 2

=========================================================================

=========================================================================
*                       Advanced HDL Synthesis                          *
=========================================================================


=========================================================================
Advanced HDL Synthesis Report

Macro Statistics
# ROMs                                                 : 1
 4x1-bit ROM                                           : 1
# Counters                                             : 1
 5-bit up counter                                      : 1
# Registers                                            : 6
 Flip-Flops                                            : 6

=========================================================================

=========================================================================
*                         Low Level Synthesis                           *
=========================================================================

Optimizing unit <LED_BLINK> ...
  implementation constraint: INIT=r	 : count_4
  implementation constraint: INIT=r	 : count_3
  implementation constraint: INIT=r	 : count_2
  implementation constraint: INIT=r	 : count_0
  implementation constraint: INIT=r	 : count_1

=========================================================================
*                            Final Report                               *
=========================================================================
Final Results
RTL Top Level Output File Name     : LED_BLINK.ngr
Top Level Output File Name         : LED_BLINK
Output Format                      : NGC
Optimization Goal                  : Speed
Keep Hierarchy                     : YES
Target Technology                  : Automotive CoolRunner2
Macro Preserve                     : YES
XOR Preserve                       : YES
wysiwyg                            : NO

Design Statistics
# IOs                              : 2

Cell Usage :
# BELS                             : 21
#      AND2                        : 8
#      GND                         : 1
#      INV                         : 7
#      OR2                         : 1
#      XOR2                        : 4
# FlipFlops/Latches                : 6
#      FDC                         : 5
#      FDP                         : 1
# IO Buffers                       : 2
#      IBUF                        : 1
#      OBUF                        : 1
=========================================================================
CPU : 2.22 / 2.32 s | Elapsed : 2.00 / 2.00 s
 
--> 

Total memory usage is 139392 kilobytes

Number of errors   :    0 (   0 filtered)
Number of warnings :    1 (   0 filtered)
Number of infos    :    0 (   0 filtered)

