 command line:
   ./HADD_TEST_isim_beh.exe
     -intstyle  ise
     -ipchost  localhost
     -ipcport  60287

Sun May 30 12:33:15 2021

Total Line Count = 754

 Elaboration time 0.015625 sec.

 Estimate current memory usage 73.5191 Meg. 

 Total signals 8
 Total nets 4
 Total signal drivers 4
 Total blocks 7
 Total primitive blocks 1
 Total processes 3
ntrace select -o on -m / -l this 
ntrace start 
run all 
Simulator is doing circuit initialization process.
Finished circuit initialization process.
