Release 8.1i - xst I.24
Copyright (c) 1995-2005 Xilinx, Inc.  All rights reserved.
--> Parameter TMPDIR set to ./xst/projnav.tmp
CPU : 0.00 / 0.13 s | Elapsed : 0.00 / 0.00 s
 
--> Parameter xsthdpdir set to ./xst
CPU : 0.00 / 0.13 s | Elapsed : 0.00 / 0.00 s
 
--> Reading design: CMP_4.prj

TABLE OF CONTENTS
  1) Synthesis Options Summary
  2) HDL Compilation
  3) HDL Analysis
  4) HDL Synthesis
     4.1) HDL Synthesis Report
  5) Advanced HDL Synthesis
     5.1) Advanced HDL Synthesis Report
  6) Low Level Synthesis
  7) Final Report

=========================================================================
*                      Synthesis Options Summary                        *
=========================================================================
---- Source Parameters
Input File Name                    : "CMP_4.prj"
Input Format                       : mixed
Ignore Synthesis Constraint File   : NO

---- Target Parameters
Output File Name                   : "CMP_4"
Output Format                      : NGC
Target Device                      : Automotive CoolRunner2

---- Source Options
Top Module Name                    : CMP_4
Automatic FSM Extraction           : YES
FSM Encoding Algorithm             : Auto
Mux Extraction                     : YES
Resource Sharing                   : YES

---- Target Options
Add IO Buffers                     : YES
MACRO Preserve                     : YES
XOR Preserve                       : YES
Equivalent register Removal        : YES

---- General Options
Optimization Goal                  : Speed
Optimization Effort                : 1
Keep Hierarchy                     : YES
RTL Output                         : Yes
Hierarchy Separator                : /
Bus Delimiter                      : <>
Case Specifier                     : maintain

---- Other Options
lso                                : CMP_4.lso
verilog2001                        : YES
safe_implementation                : No
wysiwyg                            : NO

=========================================================================


=========================================================================
*                          HDL Compilation                              *
=========================================================================
Compiling vhdl file "C:/Xilinx/.MyProjects/CMP4/CMP_4.vhd" in Library work.
Architecture behavioral of Entity cmp_4 is up to date.

=========================================================================
*                            HDL Analysis                               *
=========================================================================
Analyzing Entity <CMP_4> (Architecture <behavioral>).
Entity <CMP_4> analyzed. Unit <CMP_4> generated.


=========================================================================
*                           HDL Synthesis                               *
=========================================================================

Synthesizing Unit <CMP_4>.
    Related source file is "C:/Xilinx/.MyProjects/CMP4/CMP_4.vhd".
    Found 4x2-bit ROM for signal <$n0004>.
    Found 4-bit comparator greater for signal <$n0002> created at line 18.
    Found 4-bit comparator less for signal <$n0003> created at line 19.
    Summary:
	inferred   1 ROM(s).
	inferred   2 Comparator(s).
Unit <CMP_4> synthesized.


=========================================================================
HDL Synthesis Report

Macro Statistics
# ROMs                                                 : 1
 4x2-bit ROM                                           : 1
# Comparators                                          : 2
 4-bit comparator greater                              : 1
 4-bit comparator less                                 : 1

=========================================================================

=========================================================================
*                       Advanced HDL Synthesis                          *
=========================================================================


=========================================================================
Advanced HDL Synthesis Report

Macro Statistics
# ROMs                                                 : 1
 4x2-bit ROM                                           : 1

=========================================================================

=========================================================================
*                         Low Level Synthesis                           *
=========================================================================

Optimizing unit <CMP_4> ...

=========================================================================
*                            Final Report                               *
=========================================================================
Final Results
RTL Top Level Output File Name     : CMP_4.ngr
Top Level Output File Name         : CMP_4
Output Format                      : NGC
Optimization Goal                  : Speed
Keep Hierarchy                     : YES
Target Technology                  : Automotive CoolRunner2
Macro Preserve                     : YES
XOR Preserve                       : YES
wysiwyg                            : NO

Design Statistics
# IOs                              : 11

Cell Usage :
# BELS                             : 47
#      AND2                        : 10
#      AND3                        : 4
#      INV                         : 19
#      OR2                         : 14
# IO Buffers                       : 11
#      IBUF                        : 8
#      OBUF                        : 3
=========================================================================
CPU : 1.65 / 1.78 s | Elapsed : 2.00 / 2.00 s
 
--> 

Total memory usage is 138752 kilobytes

Number of errors   :    0 (   0 filtered)
Number of warnings :    0 (   0 filtered)
Number of infos    :    0 (   0 filtered)

