Release 8.1i - xst I.24
Copyright (c) 1995-2005 Xilinx, Inc.  All rights reserved.
--> Parameter TMPDIR set to ./xst/projnav.tmp
CPU : 0.00 / 0.07 s | Elapsed : 0.00 / 0.00 s
 
--> Parameter xsthdpdir set to ./xst
CPU : 0.00 / 0.07 s | Elapsed : 0.00 / 0.00 s
 
--> Reading design: F_ADD.prj

TABLE OF CONTENTS
  1) Synthesis Options Summary
  2) HDL Compilation
  3) HDL Analysis
  4) HDL Synthesis
     4.1) HDL Synthesis Report
  5) Advanced HDL Synthesis
     5.1) Advanced HDL Synthesis Report
  6) Low Level Synthesis
  7) Final Report

=========================================================================
*                      Synthesis Options Summary                        *
=========================================================================
---- Source Parameters
Input File Name                    : "F_ADD.prj"
Input Format                       : mixed
Ignore Synthesis Constraint File   : NO

---- Target Parameters
Output File Name                   : "F_ADD"
Output Format                      : NGC
Target Device                      : Automotive CoolRunner2

---- Source Options
Top Module Name                    : F_ADD
Automatic FSM Extraction           : YES
FSM Encoding Algorithm             : Auto
Mux Extraction                     : YES
Resource Sharing                   : YES

---- Target Options
Add IO Buffers                     : YES
MACRO Preserve                     : YES
XOR Preserve                       : YES
Equivalent register Removal        : YES

---- General Options
Optimization Goal                  : Speed
Optimization Effort                : 1
Keep Hierarchy                     : YES
RTL Output                         : Yes
Hierarchy Separator                : /
Bus Delimiter                      : <>
Case Specifier                     : maintain

---- Other Options
lso                                : F_ADD.lso
verilog2001                        : YES
safe_implementation                : No
wysiwyg                            : NO

=========================================================================


=========================================================================
*                          HDL Compilation                              *
=========================================================================
Compiling vhdl file "C:/Xilinx/.MyProjects/fadd/myxor3.vhd" in Library work.
Architecture behavioral of Entity myxor3 is up to date.
Compiling vhdl file "C:/Xilinx/.MyProjects/fadd/myand2.vhd" in Library work.
Architecture behavioral of Entity myand2 is up to date.
Compiling vhdl file "C:/Xilinx/.MyProjects/fadd/myor3.vhd" in Library work.
Architecture behavioral of Entity myor3 is up to date.
Compiling vhdl file "C:/Xilinx/.MyProjects/fadd/F_ADD.vhd" in Library work.
Architecture struct of Entity f_add is up to date.

=========================================================================
*                            HDL Analysis                               *
=========================================================================
Analyzing Entity <F_ADD> (Architecture <struct>).
Entity <F_ADD> analyzed. Unit <F_ADD> generated.

Analyzing Entity <myxor3> (Architecture <behavioral>).
Entity <myxor3> analyzed. Unit <myxor3> generated.

Analyzing Entity <myand2> (Architecture <behavioral>).
Entity <myand2> analyzed. Unit <myand2> generated.

Analyzing Entity <myor3> (Architecture <behavioral>).
Entity <myor3> analyzed. Unit <myor3> generated.


=========================================================================
*                           HDL Synthesis                               *
=========================================================================

Synthesizing Unit <myor3>.
    Related source file is "C:/Xilinx/.MyProjects/fadd/myor3.vhd".
Unit <myor3> synthesized.


Synthesizing Unit <myand2>.
    Related source file is "C:/Xilinx/.MyProjects/fadd/myand2.vhd".
Unit <myand2> synthesized.


Synthesizing Unit <myxor3>.
    Related source file is "C:/Xilinx/.MyProjects/fadd/myxor3.vhd".
    Found 1-bit xor3 for signal <o1>.
Unit <myxor3> synthesized.


Synthesizing Unit <F_ADD>.
    Related source file is "C:/Xilinx/.MyProjects/fadd/F_ADD.vhd".
Unit <F_ADD> synthesized.


=========================================================================
HDL Synthesis Report

Macro Statistics
# Xors                                                 : 1
 1-bit xor3                                            : 1

=========================================================================

=========================================================================
*                       Advanced HDL Synthesis                          *
=========================================================================


=========================================================================
Advanced HDL Synthesis Report

Macro Statistics
# Xors                                                 : 1
 1-bit xor3                                            : 1

=========================================================================

=========================================================================
*                         Low Level Synthesis                           *
=========================================================================
WARNING:Xst:1355 - Unit myand2 is merged (low complexity)
WARNING:Xst:1355 - Unit myor3 is merged (low complexity)

Optimizing unit <F_ADD> ...

Optimizing unit <myxor3> ...

=========================================================================
*                            Final Report                               *
=========================================================================
Final Results
RTL Top Level Output File Name     : F_ADD.ngr
Top Level Output File Name         : F_ADD
Output Format                      : NGC
Optimization Goal                  : Speed
Keep Hierarchy                     : YES
Target Technology                  : Automotive CoolRunner2
Macro Preserve                     : YES
XOR Preserve                       : YES
wysiwyg                            : NO

Design Statistics
# IOs                              : 5

Cell Usage :
# BELS                             : 8
#      AND2                        : 3
#      INV                         : 1
#      OR2                         : 2
#      XOR2                        : 2
# IO Buffers                       : 5
#      IBUF                        : 3
#      OBUF                        : 2
=========================================================================
CPU : 1.22 / 1.29 s | Elapsed : 1.00 / 1.00 s
 
--> 

Total memory usage is 139008 kilobytes

Number of errors   :    0 (   0 filtered)
Number of warnings :    2 (   0 filtered)
Number of infos    :    0 (   0 filtered)

