 command line:
   ./PIPO_TEST_isim_beh.exe
     -intstyle  ise
     -ipchost  localhost
     -ipcport  64355

Thu May 27 11:26:30 2021

Total Line Count = 749

 Elaboration time 0 sec.

 Estimate current memory usage 72.8678 Meg. 

 Total signals 8
 Total nets 10
 Total signal drivers 4
 Total blocks 7
 Total primitive blocks 1
 Total processes 3
ntrace select -o on -n /PIPO_TEST/clk 
ntrace select -o on -n /PIPO_TEST/e 
ntrace select -o on -n /PIPO_TEST/d 
ntrace select -o on -n /PIPO_TEST/q 
ntrace start 
run all 
Simulator is doing circuit initialization process.
Finished circuit initialization process.
