 command line:
   ./SISO_TEST_isim_beh.exe
     -intstyle  ise
     -ipchost  localhost
     -ipcport  53979

Thu May 27 14:55:37 2021

Total Line Count = 753

 Elaboration time 0.015625 sec.

 Estimate current memory usage 73.6502 Meg. 

 Total signals 8
 Total nets 4
 Total signal drivers 4
 Total blocks 7
 Total primitive blocks 1
 Total processes 3
ntrace select -o on -m / -l this 
ntrace start 
run all 
Simulator is doing circuit initialization process.
Finished circuit initialization process.
