 command line:
   ./dl_test_isim_beh.exe
     -intstyle  ise
     -ipchost  localhost
     -ipcport  51497

Mon Apr 19 11:31:31 2021

Total Line Count = 761

 Elaboration time 0.015625 sec.

 Estimate current memory usage 74.3096 Meg. 

 Total signals 8
 Total nets 4
 Total signal drivers 4
 Total blocks 7
 Total primitive blocks 1
 Total processes 2
ntrace select -o on -m / -l this 
ntrace start 
run all 
Simulator is doing circuit initialization process.
Finished circuit initialization process.
