 command line:
   ./MOD5_TEST_isim_beh.exe
     -intstyle  ise
     -ipchost  localhost
     -ipcport  64315

Tue Jun 01 22:24:11 2021

Total Line Count = 759

 Elaboration time 0 sec.

 Estimate current memory usage 72.8678 Meg. 

 Total signals 8
 Total nets 8
 Total signal drivers 5
 Total blocks 7
 Total primitive blocks 1
 Total processes 4
ntrace select -o on -n /MOD5_TEST/clk 
ntrace select -o on -n /MOD5_TEST/rst 
ntrace select -o on -n /MOD5_TEST/q 
ntrace start 
run all 
Simulator is doing circuit initialization process.
Finished circuit initialization process.
