 command line:
   ./PISO_TEST_isim_beh.exe
     -intstyle  ise
     -ipchost  localhost
     -ipcport  60065

Thu May 27 23:59:17 2021

Total Line Count = 767

 Elaboration time 0.015625 sec.

 Estimate current memory usage 72.8678 Meg. 

 Total signals 8
 Total nets 7
 Total signal drivers 4
 Total blocks 7
 Total primitive blocks 1
 Total processes 3
ntrace select -o on -n /PISO_TEST/clk 
ntrace select -o on -n /PISO_TEST/e 
ntrace select -o on -n /PISO_TEST/d 
ntrace select -o on -n /PISO_TEST/d 
ntrace select -o on -n /PISO_TEST/d 
ntrace select -o on -n /PISO_TEST/d 
ntrace select -o on -n /PISO_TEST/d 
ntrace select -o on -n /PISO_TEST/q 
ntrace start 
run all 
Simulator is doing circuit initialization process.
