Release 8.1i - xst I.24
Copyright (c) 1995-2005 Xilinx, Inc.  All rights reserved.
--> Parameter TMPDIR set to ./xst/projnav.tmp
CPU : 0.00 / 0.18 s | Elapsed : 0.00 / 0.00 s
 
--> Parameter xsthdpdir set to ./xst
CPU : 0.00 / 0.18 s | Elapsed : 0.00 / 0.00 s
 
--> Reading design: piso.prj

TABLE OF CONTENTS
  1) Synthesis Options Summary
  2) HDL Compilation
  3) HDL Analysis
  4) HDL Synthesis
     4.1) HDL Synthesis Report
  5) Advanced HDL Synthesis
     5.1) Advanced HDL Synthesis Report
  6) Low Level Synthesis
  7) Final Report

=========================================================================
*                      Synthesis Options Summary                        *
=========================================================================
---- Source Parameters
Input File Name                    : "piso.prj"
Input Format                       : mixed
Ignore Synthesis Constraint File   : NO

---- Target Parameters
Output File Name                   : "piso"
Output Format                      : NGC
Target Device                      : Automotive CoolRunner2

---- Source Options
Top Module Name                    : piso
Automatic FSM Extraction           : YES
FSM Encoding Algorithm             : Auto
Mux Extraction                     : YES
Resource Sharing                   : YES

---- Target Options
Add IO Buffers                     : YES
MACRO Preserve                     : YES
XOR Preserve                       : YES
Equivalent register Removal        : YES

---- General Options
Optimization Goal                  : Speed
Optimization Effort                : 1
Keep Hierarchy                     : YES
RTL Output                         : Yes
Hierarchy Separator                : /
Bus Delimiter                      : <>
Case Specifier                     : maintain

---- Other Options
lso                                : piso.lso
verilog2001                        : YES
safe_implementation                : No
wysiwyg                            : NO

=========================================================================


=========================================================================
*                          HDL Compilation                              *
=========================================================================
Compiling vhdl file "C:/Xilinx/.MyProjects/PISO_SR/PISO.vhd" in Library work.
Architecture behavioral of Entity piso is up to date.

=========================================================================
*                            HDL Analysis                               *
=========================================================================
Analyzing Entity <piso> (Architecture <behavioral>).
WARNING:Xst:819 - "C:/Xilinx/.MyProjects/PISO_SR/PISO.vhd" line 16: The following signals are missing in the process sensitivity list:
   D.
Entity <piso> analyzed. Unit <piso> generated.


=========================================================================
*                           HDL Synthesis                               *
=========================================================================

Synthesizing Unit <piso>.
    Related source file is "C:/Xilinx/.MyProjects/PISO_SR/PISO.vhd".
WARNING:Xst:647 - Input <D<2:0>> is never used.
    Found 1-bit register for signal <Mtridata_temp> created at line 22.
    Found 1-bit tristate buffer for signal <temp>.
    Summary:
	inferred   1 D-type flip-flop(s).
	inferred   1 Tristate(s).
Unit <piso> synthesized.


=========================================================================
HDL Synthesis Report

Macro Statistics
# Registers                                            : 1
 1-bit register                                        : 1
# Tristates                                            : 1
 1-bit tristate buffer                                 : 1

=========================================================================

=========================================================================
*                       Advanced HDL Synthesis                          *
=========================================================================


=========================================================================
Advanced HDL Synthesis Report

Macro Statistics
# Registers                                            : 1
 Flip-Flops                                            : 1

=========================================================================

=========================================================================
*                         Low Level Synthesis                           *
=========================================================================

Optimizing unit <piso> ...
  implementation constraint: IOB=auto	 : Mtridata_temp

=========================================================================
*                            Final Report                               *
=========================================================================
Final Results
RTL Top Level Output File Name     : piso.ngr
Top Level Output File Name         : piso
Output Format                      : NGC
Optimization Goal                  : Speed
Keep Hierarchy                     : YES
Target Technology                  : Automotive CoolRunner2
Macro Preserve                     : YES
XOR Preserve                       : YES
wysiwyg                            : NO

Design Statistics
# IOs                              : 7

Cell Usage :
# BELS                             : 1
#      INV                         : 1
# FlipFlops/Latches                : 1
#      FD                          : 1
# IO Buffers                       : 4
#      IBUF                        : 3
#      OBUFE                       : 1
=========================================================================
CPU : 2.26 / 2.44 s | Elapsed : 2.00 / 2.00 s
 
--> 

Total memory usage is 139648 kilobytes

Number of errors   :    0 (   0 filtered)
Number of warnings :    2 (   0 filtered)
Number of infos    :    0 (   0 filtered)

