 command line:
   ./CTR_TESTN_vhd_isim_beh.exe
     -intstyle  ise
     -ipchost  localhost
     -ipcport  52196

Sat May 22 15:30:37 2021

Total Line Count = 900

 Elaboration time 0.015625 sec.

 Estimate current memory usage 73.2897 Meg. 

 Total signals 8
 Total nets 7
 Total signal drivers 4
 Total blocks 6
 Total primitive blocks 1
 Total processes 3
ntrace select -o on -n /CTR_TESTN_vhd/clk 
ntrace select -o on -n /CTR_TESTN_vhd/rst 
ntrace select -o on -n /CTR_TESTN_vhd/dir 
ntrace select -o on -n /CTR_TESTN_vhd/q 
ntrace start 
run 1000 ns 
Simulator is doing circuit initialization process.
Finished circuit initialization process.
run 5000 ns 
