Release 8.1i - xst I.24
Copyright (c) 1995-2005 Xilinx, Inc.  All rights reserved.
--> Parameter TMPDIR set to ./xst/projnav.tmp
CPU : 0.00 / 0.10 s | Elapsed : 0.00 / 0.00 s
 
--> Parameter xsthdpdir set to ./xst
CPU : 0.00 / 0.10 s | Elapsed : 0.00 / 0.00 s
 
--> Reading design: ALU_4.prj

TABLE OF CONTENTS
  1) Synthesis Options Summary
  2) HDL Compilation
  3) HDL Analysis
  4) HDL Synthesis
     4.1) HDL Synthesis Report
  5) Advanced HDL Synthesis
     5.1) Advanced HDL Synthesis Report
  6) Low Level Synthesis
  7) Final Report

=========================================================================
*                      Synthesis Options Summary                        *
=========================================================================
---- Source Parameters
Input File Name                    : "ALU_4.prj"
Input Format                       : mixed
Ignore Synthesis Constraint File   : NO

---- Target Parameters
Output File Name                   : "ALU_4"
Output Format                      : NGC
Target Device                      : Automotive CoolRunner2

---- Source Options
Top Module Name                    : ALU_4
Automatic FSM Extraction           : YES
FSM Encoding Algorithm             : Auto
Mux Extraction                     : YES
Resource Sharing                   : YES

---- Target Options
Add IO Buffers                     : YES
MACRO Preserve                     : YES
XOR Preserve                       : YES
Equivalent register Removal        : YES

---- General Options
Optimization Goal                  : Speed
Optimization Effort                : 1
Keep Hierarchy                     : YES
RTL Output                         : Yes
Hierarchy Separator                : /
Bus Delimiter                      : <>
Case Specifier                     : maintain

---- Other Options
lso                                : ALU_4.lso
verilog2001                        : YES
safe_implementation                : No
wysiwyg                            : NO

=========================================================================


=========================================================================
*                          HDL Compilation                              *
=========================================================================
Compiling vhdl file "C:/Xilinx/.MyProjects/ALU/ALU_4.vhd" in Library work.
Architecture behavioral of Entity alu_4 is up to date.

=========================================================================
*                            HDL Analysis                               *
=========================================================================
Analyzing Entity <ALU_4> (Architecture <behavioral>).
Entity <ALU_4> analyzed. Unit <ALU_4> generated.


=========================================================================
*                           HDL Synthesis                               *
=========================================================================

Synthesizing Unit <ALU_4>.
    Related source file is "C:/Xilinx/.MyProjects/ALU/ALU_4.vhd".
    Found 4-bit tristate buffer for signal <Y>.
    Found 5-bit adder for signal <$n0000> created at line 32.
    Found 5-bit tristate buffer for signal <$n0007> created at line 25.
    Found 4-bit addsub for signal <$n0012>.
    Found 4-bit comparator greater for signal <$n0016> created at line 35.
    Found 4-bit 4-to-1 multiplexer for signal <$n0020>.
    Found 4-bit xor2 for signal <$n0022> created at line 53.
    Summary:
	inferred   2 Adder/Subtractor(s).
	inferred   1 Comparator(s).
	inferred   9 Tristate(s).
Unit <ALU_4> synthesized.

INFO:Xst:1767 - HDL ADVISOR - Resource sharing has identified that some arithmetic operations in this design can share the same physical resources for reduced device utilization. For improved clock frequency you may try to disable resource sharing.

=========================================================================
HDL Synthesis Report

Macro Statistics
# Adders/Subtractors                                   : 2
 4-bit addsub                                          : 1
 5-bit adder                                           : 1
# Comparators                                          : 1
 4-bit comparator greater                              : 1
# Multiplexers                                         : 1
 4-bit 4-to-1 multiplexer                              : 1
# Tristates                                            : 2
 4-bit tristate buffer                                 : 1
 5-bit tristate buffer                                 : 1
# Xors                                                 : 1
 4-bit xor2                                            : 1

=========================================================================

=========================================================================
*                       Advanced HDL Synthesis                          *
=========================================================================


=========================================================================
Advanced HDL Synthesis Report

Macro Statistics
# Adders/Subtractors                                   : 2
 4-bit addsub                                          : 1
 5-bit adder                                           : 1
# Multiplexers                                         : 1
 4-bit 4-to-1 multiplexer                              : 1
# Xors                                                 : 1
 4-bit xor2                                            : 1

=========================================================================

=========================================================================
*                         Low Level Synthesis                           *
=========================================================================

Optimizing unit <ALU_4> ...

=========================================================================
*                            Final Report                               *
=========================================================================
Final Results
RTL Top Level Output File Name     : ALU_4.ngr
Top Level Output File Name         : ALU_4
Output Format                      : NGC
Optimization Goal                  : Speed
Keep Hierarchy                     : YES
Target Technology                  : Automotive CoolRunner2
Macro Preserve                     : YES
XOR Preserve                       : YES
wysiwyg                            : NO

Design Statistics
# IOs                              : 17

Cell Usage :
# BELS                             : 205
#      AND2                        : 76
#      AND3                        : 7
#      INV                         : 54
#      OR2                         : 43
#      OR3                         : 6
#      XOR2                        : 19
# IO Buffers                       : 17
#      IBUF                        : 12
#      OBUFE                       : 5
=========================================================================
CPU : 1.68 / 1.79 s | Elapsed : 1.00 / 1.00 s
 
--> 

Total memory usage is 140608 kilobytes

Number of errors   :    0 (   0 filtered)
Number of warnings :    0 (   0 filtered)
Number of infos    :    1 (   0 filtered)

